Performing C SOURCE FILE Test CMAKE_HAVE_LIBC_PTHREAD failed with the following output:
Change Dir: /home/oem/catkin_ws/src/udp_tunnels/build/CMakeFiles/CMakeTmp

Run Build Command(s):/usr/bin/ninja cmTC_f2b9d && [1/2] Building C object CMakeFiles/cmTC_f2b9d.dir/src.c.o
[2/2] Linking C executable cmTC_f2b9d
FAILED: cmTC_f2b9d 
: && /usr/bin/cc -DCMAKE_HAVE_LIBC_PTHREAD  -rdynamic CMakeFiles/cmTC_f2b9d.dir/src.c.o  -o cmTC_f2b9d   && :
/usr/bin/ld: CMakeFiles/cmTC_f2b9d.dir/src.c.o: in function `main':
src.c:(.text+0x46): undefined reference to `pthread_create'
/usr/bin/ld: src.c:(.text+0x52): undefined reference to `pthread_detach'
/usr/bin/ld: src.c:(.text+0x63): undefined reference to `pthread_join'
collect2: error: ld returned 1 exit status
ninja: build stopped: subcommand failed.


Source file was:
#include <pthread.h>

void* test_func(void* data)
{
  return data;
}

int main(void)
{
  pthread_t thread;
  pthread_create(&thread, NULL, test_func, NULL);
  pthread_detach(thread);
  pthread_join(thread, NULL);
  pthread_atfork(NULL, NULL, NULL);
  pthread_exit(NULL);

  return 0;
}

Determining if the function pthread_create exists in the pthreads failed with the following output:
Change Dir: /home/oem/catkin_ws/src/udp_tunnels/build/CMakeFiles/CMakeTmp

Run Build Command(s):/usr/bin/ninja cmTC_58570 && [1/2] Building C object CMakeFiles/cmTC_58570.dir/CheckFunctionExists.c.o
[2/2] Linking C executable cmTC_58570
FAILED: cmTC_58570 
: && /usr/bin/cc -DCHECK_FUNCTION_EXISTS=pthread_create  -rdynamic CMakeFiles/cmTC_58570.dir/CheckFunctionExists.c.o  -o cmTC_58570  -lpthreads && :
/usr/bin/ld: cannot find -lpthreads
collect2: error: ld returned 1 exit status
ninja: build stopped: subcommand failed.



Performing C SOURCE FILE Test CMAKE_HAVE_LIBC_PTHREAD failed with the following output:
Change Dir: /home/oem/catkin_ws/src/udp_tunnels/build/CMakeFiles/CMakeTmp

Run Build Command(s):/usr/bin/make cmTC_382a3/fast && /usr/bin/make -f CMakeFiles/cmTC_382a3.dir/build.make CMakeFiles/cmTC_382a3.dir/build
make[1]: Entering directory '/home/oem/catkin_ws/src/udp_tunnels/build/CMakeFiles/CMakeTmp'
Building C object CMakeFiles/cmTC_382a3.dir/src.c.o
/usr/bin/cc   -DCMAKE_HAVE_LIBC_PTHREAD   -o CMakeFiles/cmTC_382a3.dir/src.c.o   -c /home/oem/catkin_ws/src/udp_tunnels/build/CMakeFiles/CMakeTmp/src.c
Linking C executable cmTC_382a3
/usr/bin/cmake -E cmake_link_script CMakeFiles/cmTC_382a3.dir/link.txt --verbose=1
/usr/bin/cc  -DCMAKE_HAVE_LIBC_PTHREAD    -rdynamic CMakeFiles/cmTC_382a3.dir/src.c.o  -o cmTC_382a3 
/usr/bin/ld: CMakeFiles/cmTC_382a3.dir/src.c.o: in function `main':
src.c:(.text+0x46): undefined reference to `pthread_create'
/usr/bin/ld: src.c:(.text+0x52): undefined reference to `pthread_detach'
/usr/bin/ld: src.c:(.text+0x63): undefined reference to `pthread_join'
collect2: error: ld returned 1 exit status
make[1]: *** [CMakeFiles/cmTC_382a3.dir/build.make:87: cmTC_382a3] Error 1
make[1]: Leaving directory '/home/oem/catkin_ws/src/udp_tunnels/build/CMakeFiles/CMakeTmp'
make: *** [Makefile:121: cmTC_382a3/fast] Error 2


Source file was:
#include <pthread.h>

void* test_func(void* data)
{
  return data;
}

int main(void)
{
  pthread_t thread;
  pthread_create(&thread, NULL, test_func, NULL);
  pthread_detach(thread);
  pthread_join(thread, NULL);
  pthread_atfork(NULL, NULL, NULL);
  pthread_exit(NULL);

  return 0;
}

Determining if the function pthread_create exists in the pthreads failed with the following output:
Change Dir: /home/oem/catkin_ws/src/udp_tunnels/build/CMakeFiles/CMakeTmp

Run Build Command(s):/usr/bin/make cmTC_7237b/fast && /usr/bin/make -f CMakeFiles/cmTC_7237b.dir/build.make CMakeFiles/cmTC_7237b.dir/build
make[1]: Entering directory '/home/oem/catkin_ws/src/udp_tunnels/build/CMakeFiles/CMakeTmp'
Building C object CMakeFiles/cmTC_7237b.dir/CheckFunctionExists.c.o
/usr/bin/cc   -DCHECK_FUNCTION_EXISTS=pthread_create   -o CMakeFiles/cmTC_7237b.dir/CheckFunctionExists.c.o   -c /usr/share/cmake-3.16/Modules/CheckFunctionExists.c
Linking C executable cmTC_7237b
/usr/bin/cmake -E cmake_link_script CMakeFiles/cmTC_7237b.dir/link.txt --verbose=1
/usr/bin/cc  -DCHECK_FUNCTION_EXISTS=pthread_create    -rdynamic CMakeFiles/cmTC_7237b.dir/CheckFunctionExists.c.o  -o cmTC_7237b  -lpthreads 
/usr/bin/ld: cannot find -lpthreads
collect2: error: ld returned 1 exit status
make[1]: *** [CMakeFiles/cmTC_7237b.dir/build.make:87: cmTC_7237b] Error 1
make[1]: Leaving directory '/home/oem/catkin_ws/src/udp_tunnels/build/CMakeFiles/CMakeTmp'
make: *** [Makefile:121: cmTC_7237b/fast] Error 2



Performing C SOURCE FILE Test CMAKE_HAVE_LIBC_PTHREAD failed with the following output:
Change Dir: /home/oem/catkin_ws/src/udp_tunnels/build/CMakeFiles/CMakeTmp

Run Build Command(s):/usr/bin/make cmTC_dabc2/fast && /usr/bin/make -f CMakeFiles/cmTC_dabc2.dir/build.make CMakeFiles/cmTC_dabc2.dir/build
make[1]: Entering directory '/home/oem/catkin_ws/src/udp_tunnels/build/CMakeFiles/CMakeTmp'
Building C object CMakeFiles/cmTC_dabc2.dir/src.c.o
/usr/bin/cc   -DCMAKE_HAVE_LIBC_PTHREAD   -o CMakeFiles/cmTC_dabc2.dir/src.c.o   -c /home/oem/catkin_ws/src/udp_tunnels/build/CMakeFiles/CMakeTmp/src.c
Linking C executable cmTC_dabc2
/usr/bin/cmake -E cmake_link_script CMakeFiles/cmTC_dabc2.dir/link.txt --verbose=1
/usr/bin/cc  -DCMAKE_HAVE_LIBC_PTHREAD    -rdynamic CMakeFiles/cmTC_dabc2.dir/src.c.o  -o cmTC_dabc2 
/usr/bin/ld: CMakeFiles/cmTC_dabc2.dir/src.c.o: in function `main':
src.c:(.text+0x46): undefined reference to `pthread_create'
/usr/bin/ld: src.c:(.text+0x52): undefined reference to `pthread_detach'
/usr/bin/ld: src.c:(.text+0x63): undefined reference to `pthread_join'
collect2: error: ld returned 1 exit status
make[1]: *** [CMakeFiles/cmTC_dabc2.dir/build.make:87: cmTC_dabc2] Error 1
make[1]: Leaving directory '/home/oem/catkin_ws/src/udp_tunnels/build/CMakeFiles/CMakeTmp'
make: *** [Makefile:121: cmTC_dabc2/fast] Error 2


Source file was:
#include <pthread.h>

void* test_func(void* data)
{
  return data;
}

int main(void)
{
  pthread_t thread;
  pthread_create(&thread, NULL, test_func, NULL);
  pthread_detach(thread);
  pthread_join(thread, NULL);
  pthread_atfork(NULL, NULL, NULL);
  pthread_exit(NULL);

  return 0;
}

Determining if the function pthread_create exists in the pthreads failed with the following output:
Change Dir: /home/oem/catkin_ws/src/udp_tunnels/build/CMakeFiles/CMakeTmp

Run Build Command(s):/usr/bin/make cmTC_83b67/fast && /usr/bin/make -f CMakeFiles/cmTC_83b67.dir/build.make CMakeFiles/cmTC_83b67.dir/build
make[1]: Entering directory '/home/oem/catkin_ws/src/udp_tunnels/build/CMakeFiles/CMakeTmp'
Building C object CMakeFiles/cmTC_83b67.dir/CheckFunctionExists.c.o
/usr/bin/cc   -DCHECK_FUNCTION_EXISTS=pthread_create   -o CMakeFiles/cmTC_83b67.dir/CheckFunctionExists.c.o   -c /usr/share/cmake-3.16/Modules/CheckFunctionExists.c
Linking C executable cmTC_83b67
/usr/bin/cmake -E cmake_link_script CMakeFiles/cmTC_83b67.dir/link.txt --verbose=1
/usr/bin/cc  -DCHECK_FUNCTION_EXISTS=pthread_create    -rdynamic CMakeFiles/cmTC_83b67.dir/CheckFunctionExists.c.o  -o cmTC_83b67  -lpthreads 
/usr/bin/ld: cannot find -lpthreads
collect2: error: ld returned 1 exit status
make[1]: *** [CMakeFiles/cmTC_83b67.dir/build.make:87: cmTC_83b67] Error 1
make[1]: Leaving directory '/home/oem/catkin_ws/src/udp_tunnels/build/CMakeFiles/CMakeTmp'
make: *** [Makefile:121: cmTC_83b67/fast] Error 2



